1571457244217	mozrunner::runner	INFO	Running command: "/usr/bin/firefox" "-marionette" "-foreground" "-no-remote" "-profile" "/tmp/rust_mozprofileiPcHqB"
1571457250193	addons.webextension.screenshots@mozilla.org	WARN	Loading extension 'screenshots@mozilla.org': Reading manifest: Invalid extension permission: mozillaAddons
1571457250194	addons.webextension.screenshots@mozilla.org	WARN	Loading extension 'screenshots@mozilla.org': Reading manifest: Invalid extension permission: telemetry
1571457250194	addons.webextension.screenshots@mozilla.org	WARN	Loading extension 'screenshots@mozilla.org': Reading manifest: Invalid extension permission: resource://pdf.js/
1571457250207	addons.webextension.screenshots@mozilla.org	WARN	Loading extension 'screenshots@mozilla.org': Reading manifest: Invalid extension permission: about:reader*
1571457266803	Marionette	INFO	Listening on port 33005
1571457266954	Marionette	WARN	TLS certificate errors will be ignored for this session
JavaScript error: resource:///actors/OfflineAppsChild.jsm, line 32: TypeError: manifestURI is null
JavaScript warning: https://web.whatsapp.com/app.20893200811e56e44c78.js, line 2: unreachable code after return statement
JavaScript warning: https://web.whatsapp.com/app.20893200811e56e44c78.js, line 2: unreachable code after return statement
JavaScript error: resource:///actors/OfflineAppsChild.jsm, line 32: TypeError: manifestURI is null
JavaScript warning: https://web.whatsapp.com/app.20893200811e56e44c78.js, line 2: unreachable code after return statement
JavaScript warning: https://web.whatsapp.com/app.20893200811e56e44c78.js, line 2: unreachable code after return statement
1571464083151	mozrunner::runner	INFO	Running command: "/usr/bin/firefox" "-marionette" "-foreground" "-no-remote" "-profile" "/tmp/rust_mozprofileK4jK6n"
[GFX1-]: Receive IPC close with reason=AbnormalShutdown
[Child 5881, Chrome_ChildThread] WARNING: pipe error (3): Connection reset by peer: file /build/firefox-y_KX3Y/firefox-69.0.1+build1/ipc/chromium/src/chrome/common/ipc_channel_posix.cc, line 358
Exiting due to channel error.
[GFX1-]: Receive IPC close with reason=AbnormalShutdown
[Child 5806, Chrome_ChildThread] WARNING: pipe error (3): Connection reset by peer: file /build/firefox-y_KX3Y/firefox-69.0.1+build1/ipc/chromium/src/chrome/common/ipc_channel_posix.cc, line 358
Exiting due to channel error.
Exiting due to channel error.
1571464088265	addons.webextension.screenshots@mozilla.org	WARN	Loading extension 'screenshots@mozilla.org': Reading manifest: Invalid extension permission: mozillaAddons
1571464088265	addons.webextension.screenshots@mozilla.org	WARN	Loading extension 'screenshots@mozilla.org': Reading manifest: Invalid extension permission: telemetry
1571464088266	addons.webextension.screenshots@mozilla.org	WARN	Loading extension 'screenshots@mozilla.org': Reading manifest: Invalid extension permission: resource://pdf.js/
1571464088266	addons.webextension.screenshots@mozilla.org	WARN	Loading extension 'screenshots@mozilla.org': Reading manifest: Invalid extension permission: about:reader*
1571464105030	Marionette	INFO	Listening on port 44447
1571464105172	Marionette	WARN	TLS certificate errors will be ignored for this session
JavaScript error: resource:///actors/OfflineAppsChild.jsm, line 32: TypeError: manifestURI is null
JavaScript warning: https://web.whatsapp.com/app.20893200811e56e44c78.js, line 2: unreachable code after return statement
JavaScript warning: https://web.whatsapp.com/app.20893200811e56e44c78.js, line 2: unreachable code after return statement
1571464468632	mozrunner::runner	INFO	Running command: "/usr/bin/firefox" "-marionette" "-foreground" "-no-remote" "-profile" "/tmp/rust_mozprofileotMoM6"
console.error: (new Error("Transaction canceled due to a closed connection.", "resource://gre/modules/Sqlite.jsm", 613))
1571464470493	Marionette	INFO	Stopped listening on port 44447
1571464473109	addons.webextension.screenshots@mozilla.org	WARN	Loading extension 'screenshots@mozilla.org': Reading manifest: Invalid extension permission: mozillaAddons
1571464473109	addons.webextension.screenshots@mozilla.org	WARN	Loading extension 'screenshots@mozilla.org': Reading manifest: Invalid extension permission: telemetry
1571464473123	addons.webextension.screenshots@mozilla.org	WARN	Loading extension 'screenshots@mozilla.org': Reading manifest: Invalid extension permission: resource://pdf.js/
1571464473123	addons.webextension.screenshots@mozilla.org	WARN	Loading extension 'screenshots@mozilla.org': Reading manifest: Invalid extension permission: about:reader*
1571464489594	Marionette	INFO	Listening on port 36625
1571464489722	Marionette	WARN	TLS certificate errors will be ignored for this session
JavaScript error: resource:///actors/OfflineAppsChild.jsm, line 32: TypeError: manifestURI is null
JavaScript warning: https://web.whatsapp.com/app.20893200811e56e44c78.js, line 2: unreachable code after return statement
JavaScript warning: https://web.whatsapp.com/app.20893200811e56e44c78.js, line 2: unreachable code after return statement
JavaScript error: resource:///actors/OfflineAppsChild.jsm, line 32: TypeError: manifestURI is null
JavaScript warning: https://web.whatsapp.com/app.20893200811e56e44c78.js, line 2: unreachable code after return statement
JavaScript warning: https://web.whatsapp.com/app.20893200811e56e44c78.js, line 2: unreachable code after return statement
1571464602099	Marionette	WARN	TimedPromise timed out after 500 ms: stacktrace:
bail@chrome://marionette/content/sync.js:237:64
1571464639039	Marionette	INFO	Stopped listening on port 36625
1571464755908	mozrunner::runner	INFO	Running command: "/usr/bin/firefox" "-marionette" "-foreground" "-no-remote" "-profile" "/tmp/rust_mozprofileltM9K5"
1571464760174	addons.webextension.screenshots@mozilla.org	WARN	Loading extension 'screenshots@mozilla.org': Reading manifest: Invalid extension permission: mozillaAddons
1571464760181	addons.webextension.screenshots@mozilla.org	WARN	Loading extension 'screenshots@mozilla.org': Reading manifest: Invalid extension permission: telemetry
1571464760181	addons.webextension.screenshots@mozilla.org	WARN	Loading extension 'screenshots@mozilla.org': Reading manifest: Invalid extension permission: resource://pdf.js/
1571464760181	addons.webextension.screenshots@mozilla.org	WARN	Loading extension 'screenshots@mozilla.org': Reading manifest: Invalid extension permission: about:reader*
JavaScript error: resource://gre/modules/SearchService.jsm, line 620: Error: Something tried to use the search service before it's been properly intialized. Please examine the stack trace to figure out what and where to fix it:
_ensureInitialized@resource://gre/modules/SearchService.jsm:620:15
get defaultEngine@resource://gre/modules/SearchService.jsm:2443:10
_getUrlMetaData@resource:///modules/UrlbarValueFormatter.jsm:117:35
_formatURL@resource:///modules/UrlbarValueFormatter.jsm:206:28
update@resource:///modules/UrlbarValueFormatter.jsm:68:36
formatValue@resource:///modules/UrlbarInput.jsm:306:27
_on_blur@resource:///modules/UrlbarInput.jsm:1499:10
handleEvent@resource:///modules/UrlbarInput.jsm:369:23

1571464777626	Marionette	INFO	Listening on port 36663
1571464777728	Marionette	WARN	TLS certificate errors will be ignored for this session
JavaScript error: resource:///actors/OfflineAppsChild.jsm, line 32: TypeError: manifestURI is null
JavaScript warning: https://web.whatsapp.com/app.20893200811e56e44c78.js, line 2: unreachable code after return statement
JavaScript warning: https://web.whatsapp.com/app.20893200811e56e44c78.js, line 2: unreachable code after return statement
1571464943431	mozrunner::runner	INFO	Running command: "/usr/bin/firefox" "-marionette" "-foreground" "-no-remote" "-profile" "/tmp/rust_mozprofileceLoZD"
1571464944878	Marionette	INFO	Stopped listening on port 36663
1571464947850	addons.webextension.screenshots@mozilla.org	WARN	Loading extension 'screenshots@mozilla.org': Reading manifest: Invalid extension permission: mozillaAddons
1571464947851	addons.webextension.screenshots@mozilla.org	WARN	Loading extension 'screenshots@mozilla.org': Reading manifest: Invalid extension permission: telemetry
1571464947851	addons.webextension.screenshots@mozilla.org	WARN	Loading extension 'screenshots@mozilla.org': Reading manifest: Invalid extension permission: resource://pdf.js/
1571464947851	addons.webextension.screenshots@mozilla.org	WARN	Loading extension 'screenshots@mozilla.org': Reading manifest: Invalid extension permission: about:reader*
1571464964303	Marionette	INFO	Listening on port 32777
1571464964416	Marionette	WARN	TLS certificate errors will be ignored for this session
Exiting due to channel error.
[Child 12532, Chrome_ChildThread] WARNING: pipe error (32): Connection reset by peer: file /build/firefox-y_KX3Y/firefox-69.0.1+build1/ipc/chromium/src/chrome/common/ipc_channel_posix.cc, line 358
[GFX1-]: Receive IPC close with reason=AbnormalShutdown
[Child 12532, Chrome_ChildThread] WARNING: pipe error (3): Connection reset by peer: file /build/firefox-y_KX3Y/firefox-69.0.1+build1/ipc/chromium/src/chrome/common/ipc_channel_posix.cc, line 358
Exiting due to channel error.
Exiting due to channel error.
1571464970115	mozrunner::runner	INFO	Running command: "/usr/bin/firefox" "-marionette" "-foreground" "-no-remote" "-profile" "/tmp/rust_mozprofileL4Bi44"
1571464974370	addons.webextension.screenshots@mozilla.org	WARN	Loading extension 'screenshots@mozilla.org': Reading manifest: Invalid extension permission: mozillaAddons
1571464974372	addons.webextension.screenshots@mozilla.org	WARN	Loading extension 'screenshots@mozilla.org': Reading manifest: Invalid extension permission: telemetry
1571464974375	addons.webextension.screenshots@mozilla.org	WARN	Loading extension 'screenshots@mozilla.org': Reading manifest: Invalid extension permission: resource://pdf.js/
1571464974376	addons.webextension.screenshots@mozilla.org	WARN	Loading extension 'screenshots@mozilla.org': Reading manifest: Invalid extension permission: about:reader*
1571464991283	Marionette	INFO	Listening on port 44487
1571464991439	Marionette	WARN	TLS certificate errors will be ignored for this session
JavaScript error: resource:///actors/OfflineAppsChild.jsm, line 32: TypeError: manifestURI is null
JavaScript warning: https://web.whatsapp.com/app.20893200811e56e44c78.js, line 2: unreachable code after return statement
JavaScript warning: https://web.whatsapp.com/app.20893200811e56e44c78.js, line 2: unreachable code after return statement
1571465087770	Marionette	WARN	TimedPromise timed out after 500 ms: stacktrace:
bail@chrome://marionette/content/sync.js:237:64
[GFX1-]: Receive IPC close with reason=AbnormalShutdown
[Child 12762, Chrome_ChildThread] WARNING: pipe error (3): Connection reset by peer: file /build/firefox-y_KX3Y/firefox-69.0.1+build1/ipc/chromium/src/chrome/common/ipc_channel_posix.cc, line 358
Exiting due to channel error.
Exiting due to channel error.
[GFX1-]: Receive IPC close with reason=AbnormalShutdown
[Child 12687, Chrome_ChildThread] WARNING: pipe error (3): Connection reset by peer: file /build/firefox-y_KX3Y/firefox-69.0.1+build1/ipc/chromium/src/chrome/common/ipc_channel_posix.cc, line 358
Exiting due to channel error.
1571465256457	mozrunner::runner	INFO	Running command: "/usr/bin/firefox" "-marionette" "-foreground" "-no-remote" "-profile" "/tmp/rust_mozprofileaoNPIK"
1571465260388	addons.webextension.screenshots@mozilla.org	WARN	Loading extension 'screenshots@mozilla.org': Reading manifest: Invalid extension permission: mozillaAddons
1571465260388	addons.webextension.screenshots@mozilla.org	WARN	Loading extension 'screenshots@mozilla.org': Reading manifest: Invalid extension permission: telemetry
1571465260388	addons.webextension.screenshots@mozilla.org	WARN	Loading extension 'screenshots@mozilla.org': Reading manifest: Invalid extension permission: resource://pdf.js/
1571465260389	addons.webextension.screenshots@mozilla.org	WARN	Loading extension 'screenshots@mozilla.org': Reading manifest: Invalid extension permission: about:reader*
1571465277955	Marionette	INFO	Listening on port 42047
1571465278073	Marionette	WARN	TLS certificate errors will be ignored for this session
JavaScript error: resource:///actors/OfflineAppsChild.jsm, line 32: TypeError: manifestURI is null
JavaScript warning: https://web.whatsapp.com/app.20893200811e56e44c78.js, line 2: unreachable code after return statement
JavaScript warning: https://web.whatsapp.com/app.20893200811e56e44c78.js, line 2: unreachable code after return statement
JavaScript error: resource:///actors/OfflineAppsChild.jsm, line 32: TypeError: manifestURI is null
JavaScript warning: https://web.whatsapp.com/app.20893200811e56e44c78.js, line 2: unreachable code after return statement
JavaScript warning: https://web.whatsapp.com/app.20893200811e56e44c78.js, line 2: unreachable code after return statement
Exiting due to channel error.
Exiting due to channel error.
[GFX1-]: Receive IPC close with reason=AbnormalShutdown
[Child 13243, Chrome_ChildThread] WARNING: pipe error (3): Connection reset by peer: file /build/firefox-y_KX3Y/firefox-69.0.1+build1/ipc/chromium/src/chrome/common/ipc_channel_posix.cc, line 358
Exiting due to channel error.
